Vivado Simulator v2025.1.0
Copyright 1986-2022 Xilinx, Inc. All Rights Reserved.
Copyright 2022-2025 Advanced Micro Devices, Inc. All Rights Reserved.
Running: C:/Xilinx/2025.1/Vivado/bin/unwrapped/win64.o/xelab.exe --incr --debug typical --relax --mt 2 -L xil_defaultlib -L unisims_ver -L secureip --snapshot top_lvl_tb_func_synth xil_defaultlib.top_lvl_tb xil_defaultlib.glbl -log elaborate.log 
Using 2 slave threads.
Starting static elaboration
Pass Through NonSizing Optimizer
WARNING: [VRFC 10-3091] actual bit length 4 differs from formal bit length 16 for port 'ifmaps_sel' [D:/SEMESTER1_20252026/VLSI/WGAN-EEG-FPGA/src/AXON/project_1/project_1.srcs/sim_1/new/top_lvl_tb.v:48]
WARNING: [VRFC 10-3091] actual bit length 4 differs from formal bit length 16 for port 'output_eject_ctrl' [D:/SEMESTER1_20252026/VLSI/WGAN-EEG-FPGA/src/AXON/project_1/project_1.srcs/sim_1/new/top_lvl_tb.v:49]
WARNING: [VRFC 10-3091] actual bit length 64 differs from formal bit length 256 for port 'weight_in' [D:/SEMESTER1_20252026/VLSI/WGAN-EEG-FPGA/src/AXON/project_1/project_1.srcs/sim_1/new/top_lvl_tb.v:50]
WARNING: [VRFC 10-3091] actual bit length 64 differs from formal bit length 256 for port 'ifmap_in' [D:/SEMESTER1_20252026/VLSI/WGAN-EEG-FPGA/src/AXON/project_1/project_1.srcs/sim_1/new/top_lvl_tb.v:51]
WARNING: [VRFC 10-3091] actual bit length 64 differs from formal bit length 256 for port 'output_out' [D:/SEMESTER1_20252026/VLSI/WGAN-EEG-FPGA/src/AXON/project_1/project_1.srcs/sim_1/new/top_lvl_tb.v:52]
Completed static elaboration
Starting simulation data flow analysis
Completed simulation data flow analysis
Time Resolution for simulation is 1ps
Compiling module unisims_ver.x_lut3_mux8
Compiling module unisims_ver.LUT3
Compiling module unisims_ver.x_lut2_mux4
Compiling module unisims_ver.LUT2
Compiling module unisims_ver.FDRE_default
Compiling module unisims_ver.DSP48E1(ALUMODEREG=0,CARRYINREG=...
Compiling module xil_defaultlib.PE_H_268
Compiling module xil_defaultlib.PE_D
Compiling module unisims_ver.LUT4
Compiling module unisims_ver.x_lut1_mux2
Compiling module unisims_ver.LUT1
Compiling module unisims_ver.CARRY4
Compiling module xil_defaultlib.PE_H_267
Compiling module xil_defaultlib.PE_D_0
Compiling module xil_defaultlib.PE_H_266
Compiling module xil_defaultlib.PE_D_1
Compiling module xil_defaultlib.PE_H_265
Compiling module xil_defaultlib.PE_D_2
Compiling module xil_defaultlib.PE_H_264
Compiling module xil_defaultlib.PE_D_3
Compiling module xil_defaultlib.PE_H_263
Compiling module xil_defaultlib.PE_D_4
Compiling module xil_defaultlib.PE_H_262
Compiling module xil_defaultlib.PE_D_5
Compiling module xil_defaultlib.PE_H_261
Compiling module xil_defaultlib.PE_D_6
Compiling module xil_defaultlib.PE_H_260
Compiling module xil_defaultlib.PE_D_7
Compiling module xil_defaultlib.PE_H_259
Compiling module xil_defaultlib.PE_D_8
Compiling module xil_defaultlib.PE_H_258
Compiling module xil_defaultlib.PE_D_9
Compiling module xil_defaultlib.PE_H_257
Compiling module xil_defaultlib.PE_D_10
Compiling module xil_defaultlib.PE_H_256
Compiling module xil_defaultlib.PE_D_11
Compiling module xil_defaultlib.PE_H_255
Compiling module xil_defaultlib.PE_D_12
Compiling module xil_defaultlib.PE_H_254
Compiling module xil_defaultlib.PE_D_13
Compiling module xil_defaultlib.PE_H
Compiling module xil_defaultlib.PE_D_14
Compiling module unisims_ver.DSP48E1(ACASCREG=2,ALUMODEREG=0,...
Compiling module xil_defaultlib.PE_H__parameterized0
Compiling module xil_defaultlib.PE_H__parameterized0_15
Compiling module unisims_ver.DSP48E1(ACASCREG=2,ALUMODEREG=0,...
Compiling module xil_defaultlib.PE_H__parameterized0_16
Compiling module xil_defaultlib.PE_H__parameterized0_17
Compiling module xil_defaultlib.PE_H__parameterized0_18
Compiling module unisims_ver.DSP48E1(ACASCREG=2,ALUMODEREG=0,...
Compiling module xil_defaultlib.PE_H__parameterized0_19
Compiling module xil_defaultlib.PE_H__parameterized0_20
Compiling module xil_defaultlib.PE_H__parameterized0_21
Compiling module xil_defaultlib.PE_H__parameterized0_22
Compiling module unisims_ver.DSP48E1(ALUMODEREG=0,CARRYINREG=...
Compiling module xil_defaultlib.PE_H__parameterized0_23
Compiling module xil_defaultlib.PE_H__parameterized0_24
Compiling module xil_defaultlib.PE_H__parameterized0_25
Compiling module xil_defaultlib.PE_H__parameterized0_26
Compiling module xil_defaultlib.PE_H__parameterized0_27
Compiling module xil_defaultlib.PE_H__parameterized0_28
Compiling module xil_defaultlib.PE_H__parameterized0_29
Compiling module xil_defaultlib.PE_H__parameterized0_30
Compiling module xil_defaultlib.PE_H__parameterized0_31
Compiling module xil_defaultlib.PE_H__parameterized0_32
Compiling module xil_defaultlib.PE_H__parameterized0_33
Compiling module xil_defaultlib.PE_H__parameterized0_34
Compiling module xil_defaultlib.PE_H__parameterized0_35
Compiling module xil_defaultlib.PE_H__parameterized0_36
Compiling module xil_defaultlib.PE_H__parameterized0_37
Compiling module xil_defaultlib.PE_H__parameterized0_38
Compiling module xil_defaultlib.PE_H__parameterized0_39
Compiling module xil_defaultlib.PE_H__parameterized0_40
Compiling module xil_defaultlib.PE_H__parameterized0_41
Compiling module xil_defaultlib.PE_H__parameterized0_42
Compiling module xil_defaultlib.PE_H__parameterized0_43
Compiling module xil_defaultlib.PE_H__parameterized0_44
Compiling module xil_defaultlib.PE_H__parameterized0_45
Compiling module xil_defaultlib.PE_H__parameterized0_46
Compiling module xil_defaultlib.PE_H__parameterized0_47
Compiling module xil_defaultlib.PE_H__parameterized0_48
Compiling module xil_defaultlib.PE_H__parameterized0_49
Compiling module xil_defaultlib.PE_H__parameterized0_50
Compiling module xil_defaultlib.PE_H__parameterized0_51
Compiling module xil_defaultlib.PE_H__parameterized0_52
Compiling module xil_defaultlib.PE_H__parameterized0_53
Compiling module xil_defaultlib.PE_H__parameterized0_54
Compiling module xil_defaultlib.PE_H__parameterized0_55
Compiling module xil_defaultlib.PE_H__parameterized0_56
Compiling module xil_defaultlib.PE_H__parameterized0_57
Compiling module xil_defaultlib.PE_H__parameterized0_58
Compiling module xil_defaultlib.PE_H__parameterized0_59
Compiling module xil_defaultlib.PE_H__parameterized0_60
Compiling module unisims_ver.DSP48E1(ACASCREG=2,ALUMODEREG=0,...
Compiling module xil_defaultlib.PE_H__parameterized0_61
Compiling module xil_defaultlib.PE_H__parameterized0_62
Compiling module xil_defaultlib.PE_H__parameterized0_63
Compiling module xil_defaultlib.PE_H__parameterized0_64
Compiling module xil_defaultlib.PE_H__parameterized0_65
Compiling module unisims_ver.DSP48E1(ACASCREG=2,ALUMODEREG=0,...
Compiling module xil_defaultlib.PE_H__parameterized0_66
Compiling module xil_defaultlib.PE_H__parameterized0_67
Compiling module xil_defaultlib.PE_H__parameterized0_68
Compiling module xil_defaultlib.PE_H__parameterized0_69
Compiling module xil_defaultlib.PE_H__parameterized0_70
Compiling module xil_defaultlib.PE_H__parameterized0_71
Compiling module xil_defaultlib.PE_H__parameterized0_72
Compiling module xil_defaultlib.PE_H__parameterized0_73
Compiling module xil_defaultlib.PE_H__parameterized0_74
Compiling module xil_defaultlib.PE_H__parameterized0_75
Compiling module xil_defaultlib.PE_H__parameterized0_76
Compiling module xil_defaultlib.PE_H__parameterized0_77
Compiling module xil_defaultlib.PE_H__parameterized0_78
Compiling module xil_defaultlib.PE_H__parameterized0_79
Compiling module xil_defaultlib.PE_H__parameterized0_80
Compiling module xil_defaultlib.PE_H__parameterized0_81
Compiling module xil_defaultlib.PE_H__parameterized0_82
Compiling module xil_defaultlib.PE_H__parameterized0_83
Compiling module xil_defaultlib.PE_H__parameterized0_84
Compiling module xil_defaultlib.PE_H__parameterized0_85
Compiling module xil_defaultlib.PE_H__parameterized0_86
Compiling module xil_defaultlib.PE_H__parameterized0_87
Compiling module xil_defaultlib.PE_H__parameterized0_88
Compiling module xil_defaultlib.PE_H__parameterized0_89
Compiling module xil_defaultlib.PE_H__parameterized0_90
Compiling module xil_defaultlib.PE_H__parameterized0_91
Compiling module xil_defaultlib.PE_H__parameterized0_92
Compiling module xil_defaultlib.PE_H__parameterized0_93
Compiling module xil_defaultlib.PE_H__parameterized0_94
Compiling module xil_defaultlib.PE_H__parameterized0_95
Compiling module xil_defaultlib.PE_H__parameterized0_96
Compiling module xil_defaultlib.PE_H__parameterized0_97
Compiling module xil_defaultlib.PE_H__parameterized0_98
Compiling module xil_defaultlib.PE_H__parameterized0_99
Compiling module xil_defaultlib.PE_H__parameterized0_100
Compiling module xil_defaultlib.PE_H__parameterized0_101
Compiling module xil_defaultlib.PE_H__parameterized0_102
Compiling module xil_defaultlib.PE_H__parameterized0_103
Compiling module xil_defaultlib.PE_H__parameterized0_104
Compiling module xil_defaultlib.PE_H__parameterized0_105
Compiling module xil_defaultlib.PE_H__parameterized0_106
Compiling module xil_defaultlib.PE_H__parameterized0_107
Compiling module xil_defaultlib.PE_H__parameterized0_108
Compiling module xil_defaultlib.PE_H__parameterized0_109
Compiling module xil_defaultlib.PE_H__parameterized0_110
Compiling module xil_defaultlib.PE_H__parameterized0_111
Compiling module xil_defaultlib.PE_H__parameterized0_112
Compiling module xil_defaultlib.PE_H__parameterized0_113
Compiling module xil_defaultlib.PE_H__parameterized0_114
Compiling module xil_defaultlib.PE_H__parameterized0_115
Compiling module xil_defaultlib.PE_H__parameterized0_116
Compiling module xil_defaultlib.PE_H__parameterized0_117
Compiling module xil_defaultlib.PE_H__parameterized0_118
Compiling module xil_defaultlib.PE_H__parameterized0_119
Compiling module xil_defaultlib.PE_H__parameterized0_120
Compiling module xil_defaultlib.PE_H__parameterized0_121
Compiling module xil_defaultlib.PE_H__parameterized0_122
Compiling module xil_defaultlib.PE_H__parameterized0_123
Compiling module xil_defaultlib.PE_H__parameterized0_124
Compiling module xil_defaultlib.PE_H__parameterized0_125
Compiling module xil_defaultlib.PE_H__parameterized0_126
Compiling module xil_defaultlib.PE_H__parameterized0_127
Compiling module xil_defaultlib.PE_H__parameterized0_128
Compiling module xil_defaultlib.PE_H__parameterized0_129
Compiling module xil_defaultlib.PE_H__parameterized0_130
Compiling module xil_defaultlib.PE_H__parameterized0_131
Compiling module xil_defaultlib.PE_H__parameterized0_132
Compiling module xil_defaultlib.PE_H__parameterized0_133
Compiling module xil_defaultlib.PE_H__parameterized0_134
Compiling module xil_defaultlib.PE_H__parameterized0_135
Compiling module xil_defaultlib.PE_H__parameterized0_136
Compiling module xil_defaultlib.PE_H__parameterized0_137
Compiling module xil_defaultlib.PE_H__parameterized0_138
Compiling module xil_defaultlib.PE_H__parameterized0_139
Compiling module xil_defaultlib.PE_H__parameterized0_140
Compiling module unisims_ver.DSP48E1(ACASCREG=2,ALUMODEREG=0,...
Compiling module xil_defaultlib.PE_H__parameterized0_141
Compiling module xil_defaultlib.PE_H__parameterized0_142
Compiling module xil_defaultlib.PE_H__parameterized0_143
Compiling module xil_defaultlib.PE_H__parameterized0_144
Compiling module xil_defaultlib.PE_H__parameterized0_145
Compiling module xil_defaultlib.PE_H__parameterized0_146
Compiling module xil_defaultlib.PE_H__parameterized0_147
Compiling module xil_defaultlib.PE_H__parameterized0_148
Compiling module xil_defaultlib.PE_H__parameterized0_149
Compiling module xil_defaultlib.PE_H__parameterized0_150
Compiling module xil_defaultlib.PE_H__parameterized0_151
Compiling module xil_defaultlib.PE_H__parameterized0_152
Compiling module xil_defaultlib.PE_H__parameterized0_153
Compiling module xil_defaultlib.PE_H__parameterized0_154
Compiling module xil_defaultlib.PE_H__parameterized0_155
Compiling module xil_defaultlib.PE_H__parameterized0_156
Compiling module xil_defaultlib.PE_H__parameterized0_157
Compiling module xil_defaultlib.PE_H__parameterized0_158
Compiling module xil_defaultlib.PE_H__parameterized0_159
Compiling module xil_defaultlib.PE_H__parameterized0_160
Compiling module xil_defaultlib.PE_H__parameterized0_161
Compiling module xil_defaultlib.PE_H__parameterized0_162
Compiling module xil_defaultlib.PE_H__parameterized0_163
Compiling module xil_defaultlib.PE_H__parameterized0_164
Compiling module xil_defaultlib.PE_H__parameterized0_165
Compiling module xil_defaultlib.PE_H__parameterized0_166
Compiling module xil_defaultlib.PE_H__parameterized0_167
Compiling module xil_defaultlib.PE_H__parameterized0_168
Compiling module xil_defaultlib.PE_H__parameterized0_169
Compiling module xil_defaultlib.PE_H__parameterized0_170
Compiling module xil_defaultlib.PE_H__parameterized0_171
Compiling module xil_defaultlib.PE_H__parameterized0_172
Compiling module xil_defaultlib.PE_H__parameterized0_173
Compiling module xil_defaultlib.PE_H__parameterized0_174
Compiling module xil_defaultlib.PE_H__parameterized0_175
Compiling module xil_defaultlib.PE_H__parameterized0_176
Compiling module xil_defaultlib.PE_H__parameterized0_177
Compiling module xil_defaultlib.PE_H__parameterized0_178
Compiling module xil_defaultlib.PE_H__parameterized0_179
Compiling module xil_defaultlib.PE_H__parameterized0_180
Compiling module xil_defaultlib.PE_H__parameterized0_181
Compiling module xil_defaultlib.PE_H__parameterized0_182
Compiling module xil_defaultlib.PE_H__parameterized0_183
Compiling module xil_defaultlib.PE_H__parameterized0_184
Compiling module xil_defaultlib.PE_H__parameterized0_185
Compiling module xil_defaultlib.PE_H__parameterized0_186
Compiling module xil_defaultlib.PE_H__parameterized0_187
Compiling module xil_defaultlib.PE_H__parameterized0_188
Compiling module xil_defaultlib.PE_H__parameterized0_189
Compiling module xil_defaultlib.PE_H__parameterized0_190
Compiling module xil_defaultlib.PE_H__parameterized0_191
Compiling module xil_defaultlib.PE_H__parameterized0_192
Compiling module xil_defaultlib.PE_H__parameterized0_193
Compiling module xil_defaultlib.PE_H__parameterized0_194
Compiling module xil_defaultlib.PE_H__parameterized0_195
Compiling module xil_defaultlib.PE_H__parameterized0_196
Compiling module xil_defaultlib.PE_H__parameterized0_197
Compiling module xil_defaultlib.PE_H__parameterized0_198
Compiling module xil_defaultlib.PE_H__parameterized0_199
Compiling module xil_defaultlib.PE_H__parameterized0_200
Compiling module xil_defaultlib.PE_H__parameterized0_201
Compiling module xil_defaultlib.PE_H__parameterized0_202
Compiling module xil_defaultlib.PE_H__parameterized0_203
Compiling module xil_defaultlib.PE_H__parameterized0_204
Compiling module xil_defaultlib.PE_H__parameterized0_205
Compiling module xil_defaultlib.PE_H__parameterized0_206
Compiling module xil_defaultlib.PE_H__parameterized0_207
Compiling module xil_defaultlib.PE_H__parameterized0_208
Compiling module xil_defaultlib.PE_H__parameterized0_209
Compiling module xil_defaultlib.PE_H__parameterized0_210
Compiling module xil_defaultlib.PE_H__parameterized0_211
Compiling module xil_defaultlib.PE_H__parameterized0_212
Compiling module xil_defaultlib.PE_H__parameterized0_213
Compiling module xil_defaultlib.PE_H__parameterized0_214
Compiling module xil_defaultlib.PE_H__parameterized0_215
Compiling module xil_defaultlib.PE_H__parameterized0_216
Compiling module xil_defaultlib.PE_H__parameterized0_217
Compiling module xil_defaultlib.PE_H__parameterized0_218
Compiling module xil_defaultlib.PE_H__parameterized0_219
Compiling module xil_defaultlib.PE_H__parameterized0_220
Compiling module xil_defaultlib.PE_H__parameterized0_221
Compiling module xil_defaultlib.PE_H__parameterized0_222
Compiling module xil_defaultlib.PE_H__parameterized0_223
Compiling module xil_defaultlib.PE_H__parameterized0_224
Compiling module xil_defaultlib.PE_H__parameterized0_225
Compiling module xil_defaultlib.PE_H__parameterized0_226
Compiling module xil_defaultlib.PE_H__parameterized0_227
Compiling module xil_defaultlib.PE_H__parameterized0_228
Compiling module xil_defaultlib.PE_H__parameterized0_229
Compiling module xil_defaultlib.PE_H__parameterized0_230
Compiling module xil_defaultlib.PE_H__parameterized0_231
