INFO: [VRFC 10-2263] Analyzing Verilog file "D:/SEMESTER1_20252026/VLSI/WGAN-EEG-FPGA/src/AXON/project_1/project_1.sim/sim_1/synth/func/xsim/top_lvl_tb_func_synth.v" into library xil_defaultlib
INFO: [VRFC 10-311] analyzing module PE_D
INFO: [VRFC 10-311] analyzing module PE_D_0
INFO: [VRFC 10-311] analyzing module PE_D_1
INFO: [VRFC 10-311] analyzing module PE_D_10
INFO: [VRFC 10-311] analyzing module PE_D_11
INFO: [VRFC 10-311] analyzing module PE_D_12
INFO: [VRFC 10-311] analyzing module PE_D_13
INFO: [VRFC 10-311] analyzing module PE_D_14
INFO: [VRFC 10-311] analyzing module PE_D_2
INFO: [VRFC 10-311] analyzing module PE_D_3
INFO: [VRFC 10-311] analyzing module PE_D_4
INFO: [VRFC 10-311] analyzing module PE_D_5
INFO: [VRFC 10-311] analyzing module PE_D_6
INFO: [VRFC 10-311] analyzing module PE_D_7
INFO: [VRFC 10-311] analyzing module PE_D_8
INFO: [VRFC 10-311] analyzing module PE_D_9
INFO: [VRFC 10-311] analyzing module PE_H
INFO: [VRFC 10-311] analyzing module PE_H_254
INFO: [VRFC 10-311] analyzing module PE_H_255
INFO: [VRFC 10-311] analyzing module PE_H_256
INFO: [VRFC 10-311] analyzing module PE_H_257
INFO: [VRFC 10-311] analyzing module PE_H_258
INFO: [VRFC 10-311] analyzing module PE_H_259
INFO: [VRFC 10-311] analyzing module PE_H_260
INFO: [VRFC 10-311] analyzing module PE_H_261
INFO: [VRFC 10-311] analyzing module PE_H_262
INFO: [VRFC 10-311] analyzing module PE_H_263
INFO: [VRFC 10-311] analyzing module PE_H_264
INFO: [VRFC 10-311] analyzing module PE_H_265
INFO: [VRFC 10-311] analyzing module PE_H_266
INFO: [VRFC 10-311] analyzing module PE_H_267
INFO: [VRFC 10-311] analyzing module PE_H_268
INFO: [VRFC 10-311] analyzing module PE_H__parameterized0
INFO: [VRFC 10-311] analyzing module PE_H__parameterized0_100
INFO: [VRFC 10-311] analyzing module PE_H__parameterized0_101
INFO: [VRFC 10-311] analyzing module PE_H__parameterized0_102
INFO: [VRFC 10-311] analyzing module PE_H__parameterized0_103
INFO: [VRFC 10-311] analyzing module PE_H__parameterized0_104
INFO: [VRFC 10-311] analyzing module PE_H__parameterized0_105
INFO: [VRFC 10-311] analyzing module PE_H__parameterized0_106
INFO: [VRFC 10-311] analyzing module PE_H__parameterized0_107
INFO: [VRFC 10-311] analyzing module PE_H__parameterized0_108
INFO: [VRFC 10-311] analyzing module PE_H__parameterized0_109
INFO: [VRFC 10-311] analyzing module PE_H__parameterized0_110
INFO: [VRFC 10-311] analyzing module PE_H__parameterized0_111
INFO: [VRFC 10-311] analyzing module PE_H__parameterized0_112
INFO: [VRFC 10-311] analyzing module PE_H__parameterized0_113
INFO: [VRFC 10-311] analyzing module PE_H__parameterized0_114
INFO: [VRFC 10-311] analyzing module PE_H__parameterized0_115
INFO: [VRFC 10-311] analyzing module PE_H__parameterized0_116
INFO: [VRFC 10-311] analyzing module PE_H__parameterized0_117
INFO: [VRFC 10-311] analyzing module PE_H__parameterized0_118
INFO: [VRFC 10-311] analyzing module PE_H__parameterized0_119
INFO: [VRFC 10-311] analyzing module PE_H__parameterized0_120
INFO: [VRFC 10-311] analyzing module PE_H__parameterized0_121
INFO: [VRFC 10-311] analyzing module PE_H__parameterized0_122
INFO: [VRFC 10-311] analyzing module PE_H__parameterized0_123
INFO: [VRFC 10-311] analyzing module PE_H__parameterized0_124
INFO: [VRFC 10-311] analyzing module PE_H__parameterized0_125
INFO: [VRFC 10-311] analyzing module PE_H__parameterized0_126
INFO: [VRFC 10-311] analyzing module PE_H__parameterized0_127
INFO: [VRFC 10-311] analyzing module PE_H__parameterized0_128
INFO: [VRFC 10-311] analyzing module PE_H__parameterized0_129
INFO: [VRFC 10-311] analyzing module PE_H__parameterized0_130
INFO: [VRFC 10-311] analyzing module PE_H__parameterized0_131
INFO: [VRFC 10-311] analyzing module PE_H__parameterized0_132
INFO: [VRFC 10-311] analyzing module PE_H__parameterized0_133
INFO: [VRFC 10-311] analyzing module PE_H__parameterized0_134
INFO: [VRFC 10-311] analyzing module PE_H__parameterized0_135
INFO: [VRFC 10-311] analyzing module PE_H__parameterized0_136
INFO: [VRFC 10-311] analyzing module PE_H__parameterized0_137
INFO: [VRFC 10-311] analyzing module PE_H__parameterized0_138
INFO: [VRFC 10-311] analyzing module PE_H__parameterized0_139
INFO: [VRFC 10-311] analyzing module PE_H__parameterized0_140
INFO: [VRFC 10-311] analyzing module PE_H__parameterized0_141
INFO: [VRFC 10-311] analyzing module PE_H__parameterized0_142
INFO: [VRFC 10-311] analyzing module PE_H__parameterized0_143
INFO: [VRFC 10-311] analyzing module PE_H__parameterized0_144
INFO: [VRFC 10-311] analyzing module PE_H__parameterized0_145
INFO: [VRFC 10-311] analyzing module PE_H__parameterized0_146
INFO: [VRFC 10-311] analyzing module PE_H__parameterized0_147
INFO: [VRFC 10-311] analyzing module PE_H__parameterized0_148
INFO: [VRFC 10-311] analyzing module PE_H__parameterized0_149
INFO: [VRFC 10-311] analyzing module PE_H__parameterized0_15
INFO: [VRFC 10-311] analyzing module PE_H__parameterized0_150
INFO: [VRFC 10-311] analyzing module PE_H__parameterized0_151
INFO: [VRFC 10-311] analyzing module PE_H__parameterized0_152
INFO: [VRFC 10-311] analyzing module PE_H__parameterized0_153
INFO: [VRFC 10-311] analyzing module PE_H__parameterized0_154
INFO: [VRFC 10-311] analyzing module PE_H__parameterized0_155
INFO: [VRFC 10-311] analyzing module PE_H__parameterized0_156
INFO: [VRFC 10-311] analyzing module PE_H__parameterized0_157
INFO: [VRFC 10-311] analyzing module PE_H__parameterized0_158
INFO: [VRFC 10-311] analyzing module PE_H__parameterized0_159
INFO: [VRFC 10-311] analyzing module PE_H__parameterized0_16
INFO: [VRFC 10-311] analyzing module PE_H__parameterized0_160
INFO: [VRFC 10-311] analyzing module PE_H__parameterized0_161
INFO: [VRFC 10-311] analyzing module PE_H__parameterized0_162
INFO: [VRFC 10-311] analyzing module PE_H__parameterized0_163
INFO: [VRFC 10-311] analyzing module PE_H__parameterized0_164
INFO: [VRFC 10-311] analyzing module PE_H__parameterized0_165
INFO: [VRFC 10-311] analyzing module PE_H__parameterized0_166
INFO: [VRFC 10-311] analyzing module PE_H__parameterized0_167
INFO: [VRFC 10-311] analyzing module PE_H__parameterized0_168
INFO: [VRFC 10-311] analyzing module PE_H__parameterized0_169
INFO: [VRFC 10-311] analyzing module PE_H__parameterized0_17
INFO: [VRFC 10-311] analyzing module PE_H__parameterized0_170
INFO: [VRFC 10-311] analyzing module PE_H__parameterized0_171
INFO: [VRFC 10-311] analyzing module PE_H__parameterized0_172
INFO: [VRFC 10-311] analyzing module PE_H__parameterized0_173
INFO: [VRFC 10-311] analyzing module PE_H__parameterized0_174
INFO: [VRFC 10-311] analyzing module PE_H__parameterized0_175
INFO: [VRFC 10-311] analyzing module PE_H__parameterized0_176
INFO: [VRFC 10-311] analyzing module PE_H__parameterized0_177
INFO: [VRFC 10-311] analyzing module PE_H__parameterized0_178
INFO: [VRFC 10-311] analyzing module PE_H__parameterized0_179
INFO: [VRFC 10-311] analyzing module PE_H__parameterized0_18
INFO: [VRFC 10-311] analyzing module PE_H__parameterized0_180
INFO: [VRFC 10-311] analyzing module PE_H__parameterized0_181
INFO: [VRFC 10-311] analyzing module PE_H__parameterized0_182
INFO: [VRFC 10-311] analyzing module PE_H__parameterized0_183
INFO: [VRFC 10-311] analyzing module PE_H__parameterized0_184
INFO: [VRFC 10-311] analyzing module PE_H__parameterized0_185
INFO: [VRFC 10-311] analyzing module PE_H__parameterized0_186
INFO: [VRFC 10-311] analyzing module PE_H__parameterized0_187
INFO: [VRFC 10-311] analyzing module PE_H__parameterized0_188
INFO: [VRFC 10-311] analyzing module PE_H__parameterized0_189
INFO: [VRFC 10-311] analyzing module PE_H__parameterized0_19
INFO: [VRFC 10-311] analyzing module PE_H__parameterized0_190
INFO: [VRFC 10-311] analyzing module PE_H__parameterized0_191
INFO: [VRFC 10-311] analyzing module PE_H__parameterized0_192
INFO: [VRFC 10-311] analyzing module PE_H__parameterized0_193
INFO: [VRFC 10-311] analyzing module PE_H__parameterized0_194
INFO: [VRFC 10-311] analyzing module PE_H__parameterized0_195
INFO: [VRFC 10-311] analyzing module PE_H__parameterized0_196
INFO: [VRFC 10-311] analyzing module PE_H__parameterized0_197
INFO: [VRFC 10-311] analyzing module PE_H__parameterized0_198
INFO: [VRFC 10-311] analyzing module PE_H__parameterized0_199
INFO: [VRFC 10-311] analyzing module PE_H__parameterized0_20
INFO: [VRFC 10-311] analyzing module PE_H__parameterized0_200
INFO: [VRFC 10-311] analyzing module PE_H__parameterized0_201
INFO: [VRFC 10-311] analyzing module PE_H__parameterized0_202
INFO: [VRFC 10-311] analyzing module PE_H__parameterized0_203
INFO: [VRFC 10-311] analyzing module PE_H__parameterized0_204
INFO: [VRFC 10-311] analyzing module PE_H__parameterized0_205
INFO: [VRFC 10-311] analyzing module PE_H__parameterized0_206
INFO: [VRFC 10-311] analyzing module PE_H__parameterized0_207
INFO: [VRFC 10-311] analyzing module PE_H__parameterized0_208
INFO: [VRFC 10-311] analyzing module PE_H__parameterized0_209
INFO: [VRFC 10-311] analyzing module PE_H__parameterized0_21
INFO: [VRFC 10-311] analyzing module PE_H__parameterized0_210
INFO: [VRFC 10-311] analyzing module PE_H__parameterized0_211
INFO: [VRFC 10-311] analyzing module PE_H__parameterized0_212
INFO: [VRFC 10-311] analyzing module PE_H__parameterized0_213
INFO: [VRFC 10-311] analyzing module PE_H__parameterized0_214
INFO: [VRFC 10-311] analyzing module PE_H__parameterized0_215
INFO: [VRFC 10-311] analyzing module PE_H__parameterized0_216
INFO: [VRFC 10-311] analyzing module PE_H__parameterized0_217
INFO: [VRFC 10-311] analyzing module PE_H__parameterized0_218
INFO: [VRFC 10-311] analyzing module PE_H__parameterized0_219
INFO: [VRFC 10-311] analyzing module PE_H__parameterized0_22
INFO: [VRFC 10-311] analyzing module PE_H__parameterized0_220
INFO: [VRFC 10-311] analyzing module PE_H__parameterized0_221
INFO: [VRFC 10-311] analyzing module PE_H__parameterized0_222
INFO: [VRFC 10-311] analyzing module PE_H__parameterized0_223
INFO: [VRFC 10-311] analyzing module PE_H__parameterized0_224
INFO: [VRFC 10-311] analyzing module PE_H__parameterized0_225
INFO: [VRFC 10-311] analyzing module PE_H__parameterized0_226
INFO: [VRFC 10-311] analyzing module PE_H__parameterized0_227
INFO: [VRFC 10-311] analyzing module PE_H__parameterized0_228
INFO: [VRFC 10-311] analyzing module PE_H__parameterized0_229
INFO: [VRFC 10-311] analyzing module PE_H__parameterized0_23
INFO: [VRFC 10-311] analyzing module PE_H__parameterized0_230
INFO: [VRFC 10-311] analyzing module PE_H__parameterized0_231
INFO: [VRFC 10-311] analyzing module PE_H__parameterized0_232
INFO: [VRFC 10-311] analyzing module PE_H__parameterized0_233
INFO: [VRFC 10-311] analyzing module PE_H__parameterized0_234
INFO: [VRFC 10-311] analyzing module PE_H__parameterized0_235
INFO: [VRFC 10-311] analyzing module PE_H__parameterized0_236
INFO: [VRFC 10-311] analyzing module PE_H__parameterized0_237
INFO: [VRFC 10-311] analyzing module PE_H__parameterized0_238
INFO: [VRFC 10-311] analyzing module PE_H__parameterized0_239
INFO: [VRFC 10-311] analyzing module PE_H__parameterized0_24
INFO: [VRFC 10-311] analyzing module PE_H__parameterized0_240
INFO: [VRFC 10-311] analyzing module PE_H__parameterized0_241
INFO: [VRFC 10-311] analyzing module PE_H__parameterized0_242
INFO: [VRFC 10-311] analyzing module PE_H__parameterized0_243
INFO: [VRFC 10-311] analyzing module PE_H__parameterized0_244
INFO: [VRFC 10-311] analyzing module PE_H__parameterized0_245
INFO: [VRFC 10-311] analyzing module PE_H__parameterized0_246
INFO: [VRFC 10-311] analyzing module PE_H__parameterized0_247
INFO: [VRFC 10-311] analyzing module PE_H__parameterized0_248
INFO: [VRFC 10-311] analyzing module PE_H__parameterized0_249
INFO: [VRFC 10-311] analyzing module PE_H__parameterized0_25
INFO: [VRFC 10-311] analyzing module PE_H__parameterized0_250
INFO: [VRFC 10-311] analyzing module PE_H__parameterized0_251
INFO: [VRFC 10-311] analyzing module PE_H__parameterized0_252
INFO: [VRFC 10-311] analyzing module PE_H__parameterized0_253
INFO: [VRFC 10-311] analyzing module PE_H__parameterized0_26
INFO: [VRFC 10-311] analyzing module PE_H__parameterized0_27
INFO: [VRFC 10-311] analyzing module PE_H__parameterized0_28
INFO: [VRFC 10-311] analyzing module PE_H__parameterized0_29
INFO: [VRFC 10-311] analyzing module PE_H__parameterized0_30
INFO: [VRFC 10-311] analyzing module PE_H__parameterized0_31
INFO: [VRFC 10-311] analyzing module PE_H__parameterized0_32
INFO: [VRFC 10-311] analyzing module PE_H__parameterized0_33
INFO: [VRFC 10-311] analyzing module PE_H__parameterized0_34
INFO: [VRFC 10-311] analyzing module PE_H__parameterized0_35
INFO: [VRFC 10-311] analyzing module PE_H__parameterized0_36
INFO: [VRFC 10-311] analyzing module PE_H__parameterized0_37
INFO: [VRFC 10-311] analyzing module PE_H__parameterized0_38
INFO: [VRFC 10-311] analyzing module PE_H__parameterized0_39
INFO: [VRFC 10-311] analyzing module PE_H__parameterized0_40
INFO: [VRFC 10-311] analyzing module PE_H__parameterized0_41
INFO: [VRFC 10-311] analyzing module PE_H__parameterized0_42
INFO: [VRFC 10-311] analyzing module PE_H__parameterized0_43
INFO: [VRFC 10-311] analyzing module PE_H__parameterized0_44
INFO: [VRFC 10-311] analyzing module PE_H__parameterized0_45
INFO: [VRFC 10-311] analyzing module PE_H__parameterized0_46
INFO: [VRFC 10-311] analyzing module PE_H__parameterized0_47
INFO: [VRFC 10-311] analyzing module PE_H__parameterized0_48
INFO: [VRFC 10-311] analyzing module PE_H__parameterized0_49
INFO: [VRFC 10-311] analyzing module PE_H__parameterized0_50
INFO: [VRFC 10-311] analyzing module PE_H__parameterized0_51
INFO: [VRFC 10-311] analyzing module PE_H__parameterized0_52
INFO: [VRFC 10-311] analyzing module PE_H__parameterized0_53
INFO: [VRFC 10-311] analyzing module PE_H__parameterized0_54
INFO: [VRFC 10-311] analyzing module PE_H__parameterized0_55
INFO: [VRFC 10-311] analyzing module PE_H__parameterized0_56
INFO: [VRFC 10-311] analyzing module PE_H__parameterized0_57
INFO: [VRFC 10-311] analyzing module PE_H__parameterized0_58
INFO: [VRFC 10-311] analyzing module PE_H__parameterized0_59
INFO: [VRFC 10-311] analyzing module PE_H__parameterized0_60
INFO: [VRFC 10-311] analyzing module PE_H__parameterized0_61
INFO: [VRFC 10-311] analyzing module PE_H__parameterized0_62
INFO: [VRFC 10-311] analyzing module PE_H__parameterized0_63
INFO: [VRFC 10-311] analyzing module PE_H__parameterized0_64
INFO: [VRFC 10-311] analyzing module PE_H__parameterized0_65
INFO: [VRFC 10-311] analyzing module PE_H__parameterized0_66
INFO: [VRFC 10-311] analyzing module PE_H__parameterized0_67
INFO: [VRFC 10-311] analyzing module PE_H__parameterized0_68
INFO: [VRFC 10-311] analyzing module PE_H__parameterized0_69
INFO: [VRFC 10-311] analyzing module PE_H__parameterized0_70
INFO: [VRFC 10-311] analyzing module PE_H__parameterized0_71
INFO: [VRFC 10-311] analyzing module PE_H__parameterized0_72
INFO: [VRFC 10-311] analyzing module PE_H__parameterized0_73
INFO: [VRFC 10-311] analyzing module PE_H__parameterized0_74
INFO: [VRFC 10-311] analyzing module PE_H__parameterized0_75
INFO: [VRFC 10-311] analyzing module PE_H__parameterized0_76
INFO: [VRFC 10-311] analyzing module PE_H__parameterized0_77
INFO: [VRFC 10-311] analyzing module PE_H__parameterized0_78
INFO: [VRFC 10-311] analyzing module PE_H__parameterized0_79
INFO: [VRFC 10-311] analyzing module PE_H__parameterized0_80
INFO: [VRFC 10-311] analyzing module PE_H__parameterized0_81
INFO: [VRFC 10-311] analyzing module PE_H__parameterized0_82
INFO: [VRFC 10-311] analyzing module PE_H__parameterized0_83
INFO: [VRFC 10-311] analyzing module PE_H__parameterized0_84
INFO: [VRFC 10-311] analyzing module PE_H__parameterized0_85
INFO: [VRFC 10-311] analyzing module PE_H__parameterized0_86
INFO: [VRFC 10-311] analyzing module PE_H__parameterized0_87
INFO: [VRFC 10-311] analyzing module PE_H__parameterized0_88
INFO: [VRFC 10-311] analyzing module PE_H__parameterized0_89
INFO: [VRFC 10-311] analyzing module PE_H__parameterized0_90
INFO: [VRFC 10-311] analyzing module PE_H__parameterized0_91
INFO: [VRFC 10-311] analyzing module PE_H__parameterized0_92
INFO: [VRFC 10-311] analyzing module PE_H__parameterized0_93
INFO: [VRFC 10-311] analyzing module PE_H__parameterized0_94
INFO: [VRFC 10-311] analyzing module PE_H__parameterized0_95
INFO: [VRFC 10-311] analyzing module PE_H__parameterized0_96
INFO: [VRFC 10-311] analyzing module PE_H__parameterized0_97
INFO: [VRFC 10-311] analyzing module PE_H__parameterized0_98
INFO: [VRFC 10-311] analyzing module PE_H__parameterized0_99
INFO: [VRFC 10-311] analyzing module top_lvl
INFO: [VRFC 10-311] analyzing module glbl
INFO: [VRFC 10-2263] Analyzing Verilog file "D:/SEMESTER1_20252026/VLSI/WGAN-EEG-FPGA/src/AXON/project_1/project_1.srcs/sim_1/new/top_lvl_tb.v" into library xil_defaultlib
INFO: [VRFC 10-311] analyzing module top_lvl_tb
